[2025-10-11T17:48:24.533+0000] {logging_mixin.py:151} INFO - Changing /opt/***/logs/dag_id=ETL_pipeline/run_id=manual__2025-10-11T17:48:22.670786+00:00/task_id=bronze_rig_count_pipeline permission to 509
[2025-10-11T17:48:24.534+0000] {logging_mixin.py:151} INFO - Failed to change /opt/***/logs/dag_id=ETL_pipeline/run_id=manual__2025-10-11T17:48:22.670786+00:00/task_id=bronze_rig_count_pipeline permission to 509: [Errno 1] Operation not permitted: '/opt/***/logs/dag_id=ETL_pipeline/run_id=manual__2025-10-11T17:48:22.670786+00:00/task_id=bronze_rig_count_pipeline'
[2025-10-11T17:48:24.570+0000] {logging_mixin.py:151} INFO - Changing /opt/***/logs/dag_id=ETL_pipeline/run_id=manual__2025-10-11T17:48:22.670786+00:00/task_id=bronze_rig_count_pipeline permission to 509
[2025-10-11T17:48:24.570+0000] {logging_mixin.py:151} INFO - Failed to change /opt/***/logs/dag_id=ETL_pipeline/run_id=manual__2025-10-11T17:48:22.670786+00:00/task_id=bronze_rig_count_pipeline permission to 509: [Errno 1] Operation not permitted: '/opt/***/logs/dag_id=ETL_pipeline/run_id=manual__2025-10-11T17:48:22.670786+00:00/task_id=bronze_rig_count_pipeline'
[2025-10-11T17:48:24.618+0000] {taskinstance.py:1157} INFO - Dependencies all met for dep_context=non-requeueable deps ti=<TaskInstance: ETL_pipeline.bronze_rig_count_pipeline manual__2025-10-11T17:48:22.670786+00:00 [queued]>
[2025-10-11T17:48:24.624+0000] {taskinstance.py:1157} INFO - Dependencies all met for dep_context=requeueable deps ti=<TaskInstance: ETL_pipeline.bronze_rig_count_pipeline manual__2025-10-11T17:48:22.670786+00:00 [queued]>
[2025-10-11T17:48:24.625+0000] {taskinstance.py:1359} INFO - Starting attempt 1 of 3
[2025-10-11T17:48:24.763+0000] {taskinstance.py:1380} INFO - Executing <Task(PythonOperator): bronze_rig_count_pipeline> on 2025-10-11 17:48:22.670786+00:00
[2025-10-11T17:48:24.769+0000] {standard_task_runner.py:57} INFO - Started process 521 to run task
[2025-10-11T17:48:24.774+0000] {standard_task_runner.py:84} INFO - Running: ['***', 'tasks', 'run', 'ETL_pipeline', 'bronze_rig_count_pipeline', 'manual__2025-10-11T17:48:22.670786+00:00', '--job-id', '9', '--raw', '--subdir', 'DAGS_FOLDER/ETL_pipeline.py', '--cfg-path', '/tmp/tmp65odsp7p']
[2025-10-11T17:48:24.777+0000] {standard_task_runner.py:85} INFO - Job 9: Subtask bronze_rig_count_pipeline
[2025-10-11T17:48:24.824+0000] {logging_mixin.py:151} INFO - Changing /opt/***/logs/dag_id=ETL_pipeline/run_id=manual__2025-10-11T17:48:22.670786+00:00/task_id=bronze_rig_count_pipeline permission to 509
[2025-10-11T17:48:24.825+0000] {logging_mixin.py:151} INFO - Failed to change /opt/***/logs/dag_id=ETL_pipeline/run_id=manual__2025-10-11T17:48:22.670786+00:00/task_id=bronze_rig_count_pipeline permission to 509: [Errno 1] Operation not permitted: '/opt/***/logs/dag_id=ETL_pipeline/run_id=manual__2025-10-11T17:48:22.670786+00:00/task_id=bronze_rig_count_pipeline'
[2025-10-11T17:48:24.827+0000] {task_command.py:415} INFO - Running <TaskInstance: ETL_pipeline.bronze_rig_count_pipeline manual__2025-10-11T17:48:22.670786+00:00 [running]> on host 1096c99751cc
[2025-10-11T17:48:24.894+0000] {taskinstance.py:1660} INFO - Exporting env vars: AIRFLOW_CTX_DAG_OWNER='bech' AIRFLOW_CTX_DAG_ID='ETL_pipeline' AIRFLOW_CTX_TASK_ID='bronze_rig_count_pipeline' AIRFLOW_CTX_EXECUTION_DATE='2025-10-11T17:48:22.670786+00:00' AIRFLOW_CTX_TRY_NUMBER='1' AIRFLOW_CTX_DAG_RUN_ID='manual__2025-10-11T17:48:22.670786+00:00'
[2025-10-11T17:48:24.895+0000] {bronze_layer.py:140} INFO - Starting bronze layer data ingestion...
[2025-10-11T17:48:24.896+0000] {logging_mixin.py:151} INFO - Getting rig count data...
[2025-10-11T17:48:24.898+0000] {logging_mixin.py:151} INFO - DataFrame with Name and Email:
[2025-10-11T17:48:24.908+0000] {logging_mixin.py:151} INFO -              name                   email
0      John Smith    john.smith@email.com
1        Jane Doe      jane.doe@email.com
2  Robert Johnson      robert.j@email.com
3    Sarah Wilson  sarah.wilson@email.com
4   Michael Brown     michael.b@email.com
[2025-10-11T17:48:24.909+0000] {logging_mixin.py:151} INFO - 
DataFrame shape: (5, 2)
[2025-10-11T17:48:24.909+0000] {python.py:194} INFO - Done. Returned value was: None
[2025-10-11T17:48:24.919+0000] {taskinstance.py:1398} INFO - Marking task as SUCCESS. dag_id=ETL_pipeline, task_id=bronze_rig_count_pipeline, execution_date=20251011T174822, start_date=20251011T174824, end_date=20251011T174824
[2025-10-11T17:48:24.988+0000] {local_task_job_runner.py:228} INFO - Task exited with return code 0
[2025-10-11T17:48:25.003+0000] {taskinstance.py:2776} INFO - 0 downstream tasks scheduled from follow-on schedule check
