[2025-10-13T03:49:23.163+0000] {logging_mixin.py:151} INFO - Changing /opt/***/logs/dag_id=ETL_pipeline/run_id=manual__2025-10-13T03:49:20.505940+00:00/task_id=bronze_rig_count_pipeline permission to 509
[2025-10-13T03:49:23.164+0000] {logging_mixin.py:151} INFO - Failed to change /opt/***/logs/dag_id=ETL_pipeline/run_id=manual__2025-10-13T03:49:20.505940+00:00/task_id=bronze_rig_count_pipeline permission to 509: [Errno 1] Operation not permitted: '/opt/***/logs/dag_id=ETL_pipeline/run_id=manual__2025-10-13T03:49:20.505940+00:00/task_id=bronze_rig_count_pipeline'
[2025-10-13T03:49:23.208+0000] {logging_mixin.py:151} INFO - Changing /opt/***/logs/dag_id=ETL_pipeline/run_id=manual__2025-10-13T03:49:20.505940+00:00/task_id=bronze_rig_count_pipeline permission to 509
[2025-10-13T03:49:23.208+0000] {logging_mixin.py:151} INFO - Failed to change /opt/***/logs/dag_id=ETL_pipeline/run_id=manual__2025-10-13T03:49:20.505940+00:00/task_id=bronze_rig_count_pipeline permission to 509: [Errno 1] Operation not permitted: '/opt/***/logs/dag_id=ETL_pipeline/run_id=manual__2025-10-13T03:49:20.505940+00:00/task_id=bronze_rig_count_pipeline'
[2025-10-13T03:49:23.272+0000] {taskinstance.py:1157} INFO - Dependencies all met for dep_context=non-requeueable deps ti=<TaskInstance: ETL_pipeline.bronze_rig_count_pipeline manual__2025-10-13T03:49:20.505940+00:00 [queued]>
[2025-10-13T03:49:23.281+0000] {taskinstance.py:1157} INFO - Dependencies all met for dep_context=requeueable deps ti=<TaskInstance: ETL_pipeline.bronze_rig_count_pipeline manual__2025-10-13T03:49:20.505940+00:00 [queued]>
[2025-10-13T03:49:23.281+0000] {taskinstance.py:1359} INFO - Starting attempt 1 of 3
[2025-10-13T03:49:23.305+0000] {taskinstance.py:1380} INFO - Executing <Task(PythonOperator): bronze_rig_count_pipeline> on 2025-10-13 03:49:20.505940+00:00
[2025-10-13T03:49:23.315+0000] {standard_task_runner.py:57} INFO - Started process 18548 to run task
[2025-10-13T03:49:23.321+0000] {standard_task_runner.py:84} INFO - Running: ['***', 'tasks', 'run', 'ETL_pipeline', 'bronze_rig_count_pipeline', 'manual__2025-10-13T03:49:20.505940+00:00', '--job-id', '44', '--raw', '--subdir', 'DAGS_FOLDER/ETL_pipeline.py', '--cfg-path', '/tmp/tmp7fi0zpsf']
[2025-10-13T03:49:23.328+0000] {standard_task_runner.py:85} INFO - Job 44: Subtask bronze_rig_count_pipeline
[2025-10-13T03:49:23.391+0000] {logging_mixin.py:151} INFO - Changing /opt/***/logs/dag_id=ETL_pipeline/run_id=manual__2025-10-13T03:49:20.505940+00:00/task_id=bronze_rig_count_pipeline permission to 509
[2025-10-13T03:49:23.392+0000] {logging_mixin.py:151} INFO - Failed to change /opt/***/logs/dag_id=ETL_pipeline/run_id=manual__2025-10-13T03:49:20.505940+00:00/task_id=bronze_rig_count_pipeline permission to 509: [Errno 1] Operation not permitted: '/opt/***/logs/dag_id=ETL_pipeline/run_id=manual__2025-10-13T03:49:20.505940+00:00/task_id=bronze_rig_count_pipeline'
[2025-10-13T03:49:23.395+0000] {task_command.py:415} INFO - Running <TaskInstance: ETL_pipeline.bronze_rig_count_pipeline manual__2025-10-13T03:49:20.505940+00:00 [running]> on host f22a895b55de
[2025-10-13T03:49:23.476+0000] {taskinstance.py:1660} INFO - Exporting env vars: AIRFLOW_CTX_DAG_OWNER='bech' AIRFLOW_CTX_DAG_ID='ETL_pipeline' AIRFLOW_CTX_TASK_ID='bronze_rig_count_pipeline' AIRFLOW_CTX_EXECUTION_DATE='2025-10-13T03:49:20.505940+00:00' AIRFLOW_CTX_TRY_NUMBER='1' AIRFLOW_CTX_DAG_RUN_ID='manual__2025-10-13T03:49:20.505940+00:00'
[2025-10-13T03:49:23.477+0000] {bronze_layer.py:275} INFO - Starting bronze layer data ingestion for Baker Hughes Rig Count...
[2025-10-13T03:49:23.477+0000] {bronze_layer.py:52} INFO - Getting rig count data from Baker Hughes...
[2025-10-13T03:49:25.848+0000] {logging_mixin.py:151} WARNING - /home/***/.local/lib/python3.8/site-packages/openpyxl/worksheet/_reader.py:329 UserWarning: Unknown extension is not supported and will be removed
[2025-10-13T03:49:25.890+0000] {bronze_layer.py:72} INFO - Successfully loaded Excel file. Shape: (16503, 12)
[2025-10-13T03:49:25.890+0000] {bronze_layer.py:73} INFO - Columns: ['Country', 'County', 'Basin', 'GOM', 'DrillFor', 'Location', 'State/Province', 'Trajectory', 'Year', 'Month', 'US_PublishDate', 'Rig Count Value']
[2025-10-13T03:49:25.906+0000] {bronze_layer.py:74} INFO - First few rows:
  Country                County  Basin  ... Month US_PublishDate Rig Count Value
0  CANADA       CENTRAL ALBERTA  Other  ...     1     2024-01-05               2
1  CANADA       FOOTHILLS FRONT  Other  ...     1     2024-01-05              36
2  CANADA  NORTHWESTERN ALBERTA  Other  ...     1     2024-01-05               8
3  CANADA       CENTRAL ALBERTA  Other  ...     1     2024-01-05               2
4  CANADA  EAST CENTRAL ALBERTA  Other  ...     1     2024-01-05               1

[5 rows x 12 columns]
[2025-10-13T03:49:25.908+0000] {bronze_layer.py:84} INFO - Creating Snowflake connection...
[2025-10-13T03:49:25.909+0000] {connection.py:314} INFO - Snowflake Connector for Python Version: 3.1.1, Python Version: 3.8.18, Platform: Linux-6.6.87.2-microsoft-standard-WSL2-x86_64-with-glibc2.2.5
[2025-10-13T03:49:25.910+0000] {connection.py:1050} INFO - This connection is in OCSP Fail Open Mode. TLS Certificates would be checked for validity and revocation status. Any other Certificate Revocation related exceptions or OCSP Responder failures would be disregarded in favor of connectivity.
[2025-10-13T03:49:25.910+0000] {connection.py:1068} INFO - Setting use_openssl_only mode to False
[2025-10-13T03:49:26.456+0000] {bronze_layer.py:97} INFO - Snowflake connection established successfully
[2025-10-13T03:49:26.457+0000] {bronze_layer.py:242} INFO - Storing data in Snowflake using COPY command...
[2025-10-13T03:49:26.571+0000] {bronze_layer.py:173} INFO - Uploading CSV file to stage bronze_rig_count_raw_STAGE...
[2025-10-13T03:49:26.572+0000] {cursor.py:804} INFO - query: [CREATE STAGE IF NOT EXISTS bronze_rig_count_raw_STAGE]
[2025-10-13T03:49:26.712+0000] {cursor.py:817} INFO - query execution done
[2025-10-13T03:49:26.713+0000] {cursor.py:959} INFO - Number of results in first chunk: 1
[2025-10-13T03:49:26.714+0000] {cursor.py:804} INFO - query: [PUT file:///tmp/rig_count_with_metadata.csv @bronze_rig_count_raw_STAGE OVERWRIT...]
[2025-10-13T03:49:27.151+0000] {cursor.py:817} INFO - query execution done
[2025-10-13T03:49:27.721+0000] {cursor.py:804} INFO - query: [LIST @bronze_rig_count_raw_STAGE]
[2025-10-13T03:49:27.877+0000] {cursor.py:817} INFO - query execution done
[2025-10-13T03:49:27.878+0000] {cursor.py:959} INFO - Number of results in first chunk: 1
[2025-10-13T03:49:27.878+0000] {bronze_layer.py:186} INFO - Files in stage: [('bronze_rig_count_raw_stage/rig_count_with_metadata.csv.gz', 168288, '851fd8faf2cd14c97b63e29268a3bffd', 'Mon, 13 Oct 2025 03:49:28 GMT')]
[2025-10-13T03:49:27.878+0000] {bronze_layer.py:130} INFO - Creating table bronze_rig_count_raw if it doesn't exist...
[2025-10-13T03:49:27.880+0000] {cursor.py:804} INFO - query: [CREATE TABLE IF NOT EXISTS bronze_rig_count_raw ( "Country" VARCHAR(500), "Count...]
[2025-10-13T03:49:28.031+0000] {cursor.py:817} INFO - query execution done
[2025-10-13T03:49:28.031+0000] {cursor.py:959} INFO - Number of results in first chunk: 1
[2025-10-13T03:49:28.032+0000] {bronze_layer.py:158} INFO - Table bronze_rig_count_raw created or already exists
[2025-10-13T03:49:28.032+0000] {bronze_layer.py:201} INFO - Copying data from stage to table bronze_rig_count_raw...
[2025-10-13T03:49:28.033+0000] {cursor.py:804} INFO - query: [COPY INTO bronze_rig_count_raw FROM @bronze_rig_count_raw_STAGE FILE_FORMAT=( TY...]
[2025-10-13T03:49:29.394+0000] {cursor.py:817} INFO - query execution done
[2025-10-13T03:49:29.395+0000] {cursor.py:959} INFO - Number of results in first chunk: 1
[2025-10-13T03:49:29.395+0000] {bronze_layer.py:220} INFO - COPY operation result: ('bronze_rig_count_raw_stage/rig_count_with_metadata.csv.gz', 'LOADED', 16503, 16503, 16503, 0, None, None, None, None)
[2025-10-13T03:49:29.396+0000] {cursor.py:804} INFO - query: [SELECT COUNT(*) FROM bronze_rig_count_raw]
[2025-10-13T03:49:29.558+0000] {cursor.py:817} INFO - query execution done
[2025-10-13T03:49:29.559+0000] {cursor.py:959} INFO - Number of results in first chunk: 1
[2025-10-13T03:49:29.564+0000] {bronze_layer.py:225} INFO - Total rows in bronze_rig_count_raw: 16503
[2025-10-13T03:49:29.565+0000] {bronze_layer.py:227} INFO - Data loaded into bronze_rig_count_raw
[2025-10-13T03:49:29.566+0000] {bronze_layer.py:267} INFO - ✅ Successfully stored rig count data in bronze_rig_count_raw
[2025-10-13T03:49:29.567+0000] {bronze_layer.py:289} INFO - 🎉 Bronze layer ingestion completed successfully!
[2025-10-13T03:49:29.568+0000] {bronze_layer.py:290} INFO - 📊 Data shape: (16503, 12)
[2025-10-13T03:49:29.568+0000] {bronze_layer.py:291} INFO - 💾 Database: OILGAS_DB
[2025-10-13T03:49:29.569+0000] {bronze_layer.py:292} INFO - 📋 Schema: raw
[2025-10-13T03:49:29.569+0000] {bronze_layer.py:293} INFO - 📋 Table: bronze_rig_count_raw
[2025-10-13T03:49:29.570+0000] {bronze_layer.py:294} INFO - 📋 Columns: ['Country', 'County', 'Basin', 'GOM', 'DrillFor', 'Location', 'State/Province', 'Trajectory', 'Year', 'Month', 'US_PublishDate', 'Rig Count Value']
[2025-10-13T03:49:29.570+0000] {logging_mixin.py:151} INFO - 
✅ Successfully ingested NAM Weekly rig count data!
[2025-10-13T03:49:29.571+0000] {logging_mixin.py:151} INFO - 📊 Total rows loaded: 16503
[2025-10-13T03:49:29.571+0000] {connection.py:640} INFO - closed
[2025-10-13T03:49:30.102+0000] {connection.py:646} INFO - No async queries seem to be running, deleting session
[2025-10-13T03:49:30.151+0000] {bronze_layer.py:306} INFO - Snowflake connection closed
[2025-10-13T03:49:30.153+0000] {python.py:194} INFO - Done. Returned value was: None
[2025-10-13T03:49:30.164+0000] {taskinstance.py:1398} INFO - Marking task as SUCCESS. dag_id=ETL_pipeline, task_id=bronze_rig_count_pipeline, execution_date=20251013T034920, start_date=20251013T034923, end_date=20251013T034930
[2025-10-13T03:49:30.237+0000] {local_task_job_runner.py:228} INFO - Task exited with return code 0
[2025-10-13T03:49:30.252+0000] {taskinstance.py:2776} INFO - 0 downstream tasks scheduled from follow-on schedule check
