[2025-10-12T15:38:29.738+0000] {logging_mixin.py:151} INFO - Changing /opt/***/logs/dag_id=ETL_pipeline/run_id=manual__2025-10-12T15:38:27.202082+00:00/task_id=load_counties_to_snowflake permission to 509
[2025-10-12T15:38:29.739+0000] {logging_mixin.py:151} INFO - Failed to change /opt/***/logs/dag_id=ETL_pipeline/run_id=manual__2025-10-12T15:38:27.202082+00:00/task_id=load_counties_to_snowflake permission to 509: [Errno 1] Operation not permitted: '/opt/***/logs/dag_id=ETL_pipeline/run_id=manual__2025-10-12T15:38:27.202082+00:00/task_id=load_counties_to_snowflake'
[2025-10-12T15:38:29.781+0000] {logging_mixin.py:151} INFO - Changing /opt/***/logs/dag_id=ETL_pipeline/run_id=manual__2025-10-12T15:38:27.202082+00:00/task_id=load_counties_to_snowflake permission to 509
[2025-10-12T15:38:29.782+0000] {logging_mixin.py:151} INFO - Failed to change /opt/***/logs/dag_id=ETL_pipeline/run_id=manual__2025-10-12T15:38:27.202082+00:00/task_id=load_counties_to_snowflake permission to 509: [Errno 1] Operation not permitted: '/opt/***/logs/dag_id=ETL_pipeline/run_id=manual__2025-10-12T15:38:27.202082+00:00/task_id=load_counties_to_snowflake'
[2025-10-12T15:38:29.842+0000] {taskinstance.py:1157} INFO - Dependencies all met for dep_context=non-requeueable deps ti=<TaskInstance: ETL_pipeline.load_counties_to_snowflake manual__2025-10-12T15:38:27.202082+00:00 [queued]>
[2025-10-12T15:38:29.851+0000] {taskinstance.py:1157} INFO - Dependencies all met for dep_context=requeueable deps ti=<TaskInstance: ETL_pipeline.load_counties_to_snowflake manual__2025-10-12T15:38:27.202082+00:00 [queued]>
[2025-10-12T15:38:29.851+0000] {taskinstance.py:1359} INFO - Starting attempt 1 of 3
[2025-10-12T15:38:29.867+0000] {taskinstance.py:1380} INFO - Executing <Task(PythonOperator): load_counties_to_snowflake> on 2025-10-12 15:38:27.202082+00:00
[2025-10-12T15:38:29.880+0000] {standard_task_runner.py:57} INFO - Started process 6327 to run task
[2025-10-12T15:38:29.884+0000] {standard_task_runner.py:84} INFO - Running: ['***', 'tasks', 'run', 'ETL_pipeline', 'load_counties_to_snowflake', 'manual__2025-10-12T15:38:27.202082+00:00', '--job-id', '17', '--raw', '--subdir', 'DAGS_FOLDER/ETL_pipeline.py', '--cfg-path', '/tmp/tmpata894lf']
[2025-10-12T15:38:29.889+0000] {standard_task_runner.py:85} INFO - Job 17: Subtask load_counties_to_snowflake
[2025-10-12T15:38:29.933+0000] {logging_mixin.py:151} INFO - Changing /opt/***/logs/dag_id=ETL_pipeline/run_id=manual__2025-10-12T15:38:27.202082+00:00/task_id=load_counties_to_snowflake permission to 509
[2025-10-12T15:38:29.934+0000] {logging_mixin.py:151} INFO - Failed to change /opt/***/logs/dag_id=ETL_pipeline/run_id=manual__2025-10-12T15:38:27.202082+00:00/task_id=load_counties_to_snowflake permission to 509: [Errno 1] Operation not permitted: '/opt/***/logs/dag_id=ETL_pipeline/run_id=manual__2025-10-12T15:38:27.202082+00:00/task_id=load_counties_to_snowflake'
[2025-10-12T15:38:29.936+0000] {task_command.py:415} INFO - Running <TaskInstance: ETL_pipeline.load_counties_to_snowflake manual__2025-10-12T15:38:27.202082+00:00 [running]> on host f22a895b55de
[2025-10-12T15:38:30.014+0000] {taskinstance.py:1660} INFO - Exporting env vars: AIRFLOW_CTX_DAG_OWNER='bech' AIRFLOW_CTX_DAG_ID='ETL_pipeline' AIRFLOW_CTX_TASK_ID='load_counties_to_snowflake' AIRFLOW_CTX_EXECUTION_DATE='2025-10-12T15:38:27.202082+00:00' AIRFLOW_CTX_TRY_NUMBER='1' AIRFLOW_CTX_DAG_RUN_ID='manual__2025-10-12T15:38:27.202082+00:00'
[2025-10-12T15:38:30.015+0000] {bronze_counties_layer.py:146} INFO - Starting bronze layer data ingestion for US Counties Centroids...
[2025-10-12T15:38:30.016+0000] {bronze_counties_layer.py:36} INFO - Reading counties centroids data from: /opt/***/input/US_Counties_Centroids.csv
[2025-10-12T15:38:30.125+0000] {bronze_counties_layer.py:46} INFO - Successfully loaded CSV file. Shape: (3143, 15)
[2025-10-12T15:38:30.126+0000] {bronze_counties_layer.py:47} INFO - Columns: ['X', 'Y', 'OBJECTID_1', 'NAME', 'STATE', 'STATE_FIPS_CD', 'COUNTY_FIPS_CD', 'FIPS_CD', 'POPULATION', 'POP_SQMI', 'SQMI', 'DHCS_CNTY_CD', 'OBJECTID', 'LATITUDE', 'LONGITUDE']
[2025-10-12T15:38:30.168+0000] {bronze_counties_layer.py:48} INFO - First few rows:
           X          Y  OBJECTID_1  ... OBJECTID   LATITUDE  LONGITUDE
0 -86.641296  32.539426           1  ...        1  32.539426 -86.641296
1 -87.724796  30.743120           2  ...        2  30.743120 -87.724796
2 -85.392378  31.877343           3  ...        3  31.877343 -85.392378
3 -87.127522  33.000207           4  ...        4  33.000207 -87.127522
4 -86.567047  33.983247           5  ...        5  33.983247 -86.567047

[5 rows x 15 columns]
[2025-10-12T15:38:30.170+0000] {python.py:194} INFO - Done. Returned value was: None
[2025-10-12T15:38:30.181+0000] {taskinstance.py:1398} INFO - Marking task as SUCCESS. dag_id=ETL_pipeline, task_id=load_counties_to_snowflake, execution_date=20251012T153827, start_date=20251012T153829, end_date=20251012T153830
[2025-10-12T15:38:30.218+0000] {local_task_job_runner.py:228} INFO - Task exited with return code 0
[2025-10-12T15:38:30.232+0000] {taskinstance.py:2776} INFO - 0 downstream tasks scheduled from follow-on schedule check
