[2025-10-12T23:16:10.465+0000] {logging_mixin.py:151} INFO - Changing /opt/***/logs/dag_id=ETL_pipeline/run_id=manual__2025-10-12T23:16:07.370743+00:00/task_id=load_counties_to_snowflake permission to 509
[2025-10-12T23:16:10.465+0000] {logging_mixin.py:151} INFO - Failed to change /opt/***/logs/dag_id=ETL_pipeline/run_id=manual__2025-10-12T23:16:07.370743+00:00/task_id=load_counties_to_snowflake permission to 509: [Errno 1] Operation not permitted: '/opt/***/logs/dag_id=ETL_pipeline/run_id=manual__2025-10-12T23:16:07.370743+00:00/task_id=load_counties_to_snowflake'
[2025-10-12T23:16:10.509+0000] {logging_mixin.py:151} INFO - Changing /opt/***/logs/dag_id=ETL_pipeline/run_id=manual__2025-10-12T23:16:07.370743+00:00/task_id=load_counties_to_snowflake permission to 509
[2025-10-12T23:16:10.510+0000] {logging_mixin.py:151} INFO - Failed to change /opt/***/logs/dag_id=ETL_pipeline/run_id=manual__2025-10-12T23:16:07.370743+00:00/task_id=load_counties_to_snowflake permission to 509: [Errno 1] Operation not permitted: '/opt/***/logs/dag_id=ETL_pipeline/run_id=manual__2025-10-12T23:16:07.370743+00:00/task_id=load_counties_to_snowflake'
[2025-10-12T23:16:10.568+0000] {taskinstance.py:1157} INFO - Dependencies all met for dep_context=non-requeueable deps ti=<TaskInstance: ETL_pipeline.load_counties_to_snowflake manual__2025-10-12T23:16:07.370743+00:00 [queued]>
[2025-10-12T23:16:10.579+0000] {taskinstance.py:1157} INFO - Dependencies all met for dep_context=requeueable deps ti=<TaskInstance: ETL_pipeline.load_counties_to_snowflake manual__2025-10-12T23:16:07.370743+00:00 [queued]>
[2025-10-12T23:16:10.580+0000] {taskinstance.py:1359} INFO - Starting attempt 1 of 3
[2025-10-12T23:16:10.594+0000] {taskinstance.py:1380} INFO - Executing <Task(PythonOperator): load_counties_to_snowflake> on 2025-10-12 23:16:07.370743+00:00
[2025-10-12T23:16:10.602+0000] {standard_task_runner.py:57} INFO - Started process 11043 to run task
[2025-10-12T23:16:10.605+0000] {standard_task_runner.py:84} INFO - Running: ['***', 'tasks', 'run', 'ETL_pipeline', 'load_counties_to_snowflake', 'manual__2025-10-12T23:16:07.370743+00:00', '--job-id', '21', '--raw', '--subdir', 'DAGS_FOLDER/ETL_pipeline.py', '--cfg-path', '/tmp/tmpaox0paqe']
[2025-10-12T23:16:10.609+0000] {standard_task_runner.py:85} INFO - Job 21: Subtask load_counties_to_snowflake
[2025-10-12T23:16:10.670+0000] {logging_mixin.py:151} INFO - Changing /opt/***/logs/dag_id=ETL_pipeline/run_id=manual__2025-10-12T23:16:07.370743+00:00/task_id=load_counties_to_snowflake permission to 509
[2025-10-12T23:16:10.670+0000] {logging_mixin.py:151} INFO - Failed to change /opt/***/logs/dag_id=ETL_pipeline/run_id=manual__2025-10-12T23:16:07.370743+00:00/task_id=load_counties_to_snowflake permission to 509: [Errno 1] Operation not permitted: '/opt/***/logs/dag_id=ETL_pipeline/run_id=manual__2025-10-12T23:16:07.370743+00:00/task_id=load_counties_to_snowflake'
[2025-10-12T23:16:10.672+0000] {task_command.py:415} INFO - Running <TaskInstance: ETL_pipeline.load_counties_to_snowflake manual__2025-10-12T23:16:07.370743+00:00 [running]> on host f22a895b55de
[2025-10-12T23:16:10.756+0000] {taskinstance.py:1660} INFO - Exporting env vars: AIRFLOW_CTX_DAG_OWNER='bech' AIRFLOW_CTX_DAG_ID='ETL_pipeline' AIRFLOW_CTX_TASK_ID='load_counties_to_snowflake' AIRFLOW_CTX_EXECUTION_DATE='2025-10-12T23:16:07.370743+00:00' AIRFLOW_CTX_TRY_NUMBER='1' AIRFLOW_CTX_DAG_RUN_ID='manual__2025-10-12T23:16:07.370743+00:00'
[2025-10-12T23:16:10.758+0000] {bronze_counties_layer.py:255} INFO - Starting bronze layer data ingestion for US Counties Centroids...
[2025-10-12T23:16:10.759+0000] {bronze_counties_layer.py:47} INFO - Reading counties centroids data from: /opt/***/input/US_Counties_Centroids.csv
[2025-10-12T23:16:10.864+0000] {bronze_counties_layer.py:57} INFO - Successfully loaded CSV file. Shape: (3143, 15)
[2025-10-12T23:16:10.865+0000] {bronze_counties_layer.py:58} INFO - Columns: ['X', 'Y', 'OBJECTID_1', 'NAME', 'STATE', 'STATE_FIPS_CD', 'COUNTY_FIPS_CD', 'FIPS_CD', 'POPULATION', 'POP_SQMI', 'SQMI', 'DHCS_CNTY_CD', 'OBJECTID', 'LATITUDE', 'LONGITUDE']
[2025-10-12T23:16:10.887+0000] {bronze_counties_layer.py:59} INFO - First few rows:
           X          Y  OBJECTID_1  ... OBJECTID   LATITUDE  LONGITUDE
0 -86.641296  32.539426           1  ...        1  32.539426 -86.641296
1 -87.724796  30.743120           2  ...        2  30.743120 -87.724796
2 -85.392378  31.877343           3  ...        3  31.877343 -85.392378
3 -87.127522  33.000207           4  ...        4  33.000207 -87.127522
4 -86.567047  33.983247           5  ...        5  33.983247 -86.567047

[5 rows x 15 columns]
[2025-10-12T23:16:10.888+0000] {bronze_counties_layer.py:69} INFO - Creating Snowflake connection...
[2025-10-12T23:16:10.889+0000] {connection.py:314} INFO - Snowflake Connector for Python Version: 3.1.1, Python Version: 3.8.18, Platform: Linux-6.6.87.2-microsoft-standard-WSL2-x86_64-with-glibc2.2.5
[2025-10-12T23:16:10.890+0000] {connection.py:1050} INFO - This connection is in OCSP Fail Open Mode. TLS Certificates would be checked for validity and revocation status. Any other Certificate Revocation related exceptions or OCSP Responder failures would be disregarded in favor of connectivity.
[2025-10-12T23:16:10.891+0000] {connection.py:1068} INFO - Setting use_openssl_only mode to False
[2025-10-12T23:16:12.339+0000] {bronze_counties_layer.py:82} INFO - Snowflake connection established successfully
[2025-10-12T23:16:12.340+0000] {bronze_counties_layer.py:222} INFO - Storing data in Snowflake using COPY command...
[2025-10-12T23:16:12.389+0000] {bronze_counties_layer.py:158} INFO - Uploading CSV file to stage US_Counties_Centroids_STAGE...
[2025-10-12T23:16:12.390+0000] {cursor.py:804} INFO - query: [CREATE STAGE IF NOT EXISTS US_Counties_Centroids_STAGE]
[2025-10-12T23:16:12.566+0000] {cursor.py:817} INFO - query execution done
[2025-10-12T23:16:12.567+0000] {cursor.py:959} INFO - Number of results in first chunk: 1
[2025-10-12T23:16:12.568+0000] {cursor.py:804} INFO - query: [PUT file:///tmp/counties_centroids_with_metadata.csv @US_Counties_Centroids_STAG...]
[2025-10-12T23:16:12.710+0000] {cursor.py:817} INFO - query execution done
[2025-10-12T23:16:13.768+0000] {cursor.py:804} INFO - query: [LIST @US_Counties_Centroids_STAGE]
[2025-10-12T23:16:13.899+0000] {cursor.py:817} INFO - query execution done
[2025-10-12T23:16:13.900+0000] {cursor.py:959} INFO - Number of results in first chunk: 1
[2025-10-12T23:16:13.901+0000] {bronze_counties_layer.py:171} INFO - Files in stage: [('us_counties_centroids_stage/counties_centroids_with_metadata.csv.gz', 173280, 'e6fb0cc068c9797528aa974c957643a0', 'Sun, 12 Oct 2025 23:16:14 GMT')]
[2025-10-12T23:16:13.901+0000] {bronze_counties_layer.py:115} INFO - Creating table US_Counties_Centroids if it doesn't exist...
[2025-10-12T23:16:13.902+0000] {cursor.py:804} INFO - query: [CREATE TABLE IF NOT EXISTS US_Counties_Centroids ( X FLOAT, Y FLOAT, OBJECTID_1 ...]
[2025-10-12T23:16:14.070+0000] {cursor.py:817} INFO - query execution done
[2025-10-12T23:16:14.072+0000] {cursor.py:959} INFO - Number of results in first chunk: 1
[2025-10-12T23:16:14.073+0000] {bronze_counties_layer.py:143} INFO - Table US_Counties_Centroids created or already exists
[2025-10-12T23:16:14.073+0000] {bronze_counties_layer.py:186} INFO - Copying data from stage to table US_Counties_Centroids...
[2025-10-12T23:16:14.074+0000] {cursor.py:804} INFO - query: [COPY INTO US_Counties_Centroids FROM @US_Counties_Centroids_STAGE FILE_FORMAT=(T...]
[2025-10-12T23:16:16.181+0000] {cursor.py:817} INFO - query execution done
[2025-10-12T23:16:16.182+0000] {cursor.py:959} INFO - Number of results in first chunk: 1
[2025-10-12T23:16:16.183+0000] {bronze_counties_layer.py:200} INFO - COPY operation result: ('us_counties_centroids_stage/counties_centroids_with_metadata.csv.gz', 'LOADED', 3143, 3143, 3143, 0, None, None, None, None)
[2025-10-12T23:16:16.184+0000] {cursor.py:804} INFO - query: [SELECT COUNT(*) FROM US_Counties_Centroids]
[2025-10-12T23:16:16.469+0000] {cursor.py:817} INFO - query execution done
[2025-10-12T23:16:16.470+0000] {cursor.py:959} INFO - Number of results in first chunk: 1
[2025-10-12T23:16:16.480+0000] {bronze_counties_layer.py:205} INFO - Total rows in US_Counties_Centroids: 6286
[2025-10-12T23:16:16.480+0000] {logging_mixin.py:151} INFO - Data loaded into US_Counties_Centroids
[2025-10-12T23:16:16.484+0000] {bronze_counties_layer.py:247} INFO - ✅ Successfully stored data in US_Counties_Centroids
[2025-10-12T23:16:16.485+0000] {bronze_counties_layer.py:269} INFO - 🎉 Bronze layer ingestion completed successfully!
[2025-10-12T23:16:16.485+0000] {bronze_counties_layer.py:270} INFO - 📊 Data shape: (3143, 15)
[2025-10-12T23:16:16.486+0000] {bronze_counties_layer.py:271} INFO - 💾 Database: OILGAS_DB
[2025-10-12T23:16:16.486+0000] {bronze_counties_layer.py:272} INFO - 📋 Schema: raw
[2025-10-12T23:16:16.486+0000] {bronze_counties_layer.py:273} INFO - 📋 Table: US_Counties_Centroids
[2025-10-12T23:16:16.487+0000] {bronze_counties_layer.py:274} INFO - 📋 Columns: ['X', 'Y', 'OBJECTID_1', 'NAME', 'STATE', 'STATE_FIPS_CD', 'COUNTY_FIPS_CD', 'FIPS_CD', 'POPULATION', 'POP_SQMI', 'SQMI', 'DHCS_CNTY_CD', 'OBJECTID', 'LATITUDE', 'LONGITUDE']
[2025-10-12T23:16:16.487+0000] {connection.py:640} INFO - closed
[2025-10-12T23:16:16.528+0000] {connection.py:646} INFO - No async queries seem to be running, deleting session
[2025-10-12T23:16:16.591+0000] {bronze_counties_layer.py:283} INFO - Snowflake connection closed
[2025-10-12T23:16:16.592+0000] {python.py:194} INFO - Done. Returned value was: None
[2025-10-12T23:16:16.604+0000] {taskinstance.py:1398} INFO - Marking task as SUCCESS. dag_id=ETL_pipeline, task_id=load_counties_to_snowflake, execution_date=20251012T231607, start_date=20251012T231610, end_date=20251012T231616
[2025-10-12T23:16:16.640+0000] {local_task_job_runner.py:228} INFO - Task exited with return code 0
[2025-10-12T23:16:16.653+0000] {taskinstance.py:2776} INFO - 0 downstream tasks scheduled from follow-on schedule check
