[2025-10-12T23:16:10.465+0000] {logging_mixin.py:151} INFO - Changing /opt/***/logs/dag_id=ETL_pipeline/run_id=manual__2025-10-12T23:16:07.370743+00:00/task_id=bronze_rig_count_pipeline permission to 509
[2025-10-12T23:16:10.466+0000] {logging_mixin.py:151} INFO - Failed to change /opt/***/logs/dag_id=ETL_pipeline/run_id=manual__2025-10-12T23:16:07.370743+00:00/task_id=bronze_rig_count_pipeline permission to 509: [Errno 1] Operation not permitted: '/opt/***/logs/dag_id=ETL_pipeline/run_id=manual__2025-10-12T23:16:07.370743+00:00/task_id=bronze_rig_count_pipeline'
[2025-10-12T23:16:10.509+0000] {logging_mixin.py:151} INFO - Changing /opt/***/logs/dag_id=ETL_pipeline/run_id=manual__2025-10-12T23:16:07.370743+00:00/task_id=bronze_rig_count_pipeline permission to 509
[2025-10-12T23:16:10.510+0000] {logging_mixin.py:151} INFO - Failed to change /opt/***/logs/dag_id=ETL_pipeline/run_id=manual__2025-10-12T23:16:07.370743+00:00/task_id=bronze_rig_count_pipeline permission to 509: [Errno 1] Operation not permitted: '/opt/***/logs/dag_id=ETL_pipeline/run_id=manual__2025-10-12T23:16:07.370743+00:00/task_id=bronze_rig_count_pipeline'
[2025-10-12T23:16:10.566+0000] {taskinstance.py:1157} INFO - Dependencies all met for dep_context=non-requeueable deps ti=<TaskInstance: ETL_pipeline.bronze_rig_count_pipeline manual__2025-10-12T23:16:07.370743+00:00 [queued]>
[2025-10-12T23:16:10.575+0000] {taskinstance.py:1157} INFO - Dependencies all met for dep_context=requeueable deps ti=<TaskInstance: ETL_pipeline.bronze_rig_count_pipeline manual__2025-10-12T23:16:07.370743+00:00 [queued]>
[2025-10-12T23:16:10.576+0000] {taskinstance.py:1359} INFO - Starting attempt 1 of 3
[2025-10-12T23:16:10.589+0000] {taskinstance.py:1380} INFO - Executing <Task(PythonOperator): bronze_rig_count_pipeline> on 2025-10-12 23:16:07.370743+00:00
[2025-10-12T23:16:10.597+0000] {standard_task_runner.py:57} INFO - Started process 11042 to run task
[2025-10-12T23:16:10.602+0000] {standard_task_runner.py:84} INFO - Running: ['***', 'tasks', 'run', 'ETL_pipeline', 'bronze_rig_count_pipeline', 'manual__2025-10-12T23:16:07.370743+00:00', '--job-id', '20', '--raw', '--subdir', 'DAGS_FOLDER/ETL_pipeline.py', '--cfg-path', '/tmp/tmpbg4ik9vy']
[2025-10-12T23:16:10.609+0000] {standard_task_runner.py:85} INFO - Job 20: Subtask bronze_rig_count_pipeline
[2025-10-12T23:16:10.670+0000] {logging_mixin.py:151} INFO - Changing /opt/***/logs/dag_id=ETL_pipeline/run_id=manual__2025-10-12T23:16:07.370743+00:00/task_id=bronze_rig_count_pipeline permission to 509
[2025-10-12T23:16:10.670+0000] {logging_mixin.py:151} INFO - Failed to change /opt/***/logs/dag_id=ETL_pipeline/run_id=manual__2025-10-12T23:16:07.370743+00:00/task_id=bronze_rig_count_pipeline permission to 509: [Errno 1] Operation not permitted: '/opt/***/logs/dag_id=ETL_pipeline/run_id=manual__2025-10-12T23:16:07.370743+00:00/task_id=bronze_rig_count_pipeline'
[2025-10-12T23:16:10.672+0000] {task_command.py:415} INFO - Running <TaskInstance: ETL_pipeline.bronze_rig_count_pipeline manual__2025-10-12T23:16:07.370743+00:00 [running]> on host f22a895b55de
[2025-10-12T23:16:10.757+0000] {taskinstance.py:1660} INFO - Exporting env vars: AIRFLOW_CTX_DAG_OWNER='bech' AIRFLOW_CTX_DAG_ID='ETL_pipeline' AIRFLOW_CTX_TASK_ID='bronze_rig_count_pipeline' AIRFLOW_CTX_EXECUTION_DATE='2025-10-12T23:16:07.370743+00:00' AIRFLOW_CTX_TRY_NUMBER='1' AIRFLOW_CTX_DAG_RUN_ID='manual__2025-10-12T23:16:07.370743+00:00'
[2025-10-12T23:16:10.759+0000] {bronze_layer.py:123} INFO - Starting bronze layer data ingestion...
[2025-10-12T23:16:10.759+0000] {logging_mixin.py:151} INFO - Getting rig count data...
[2025-10-12T23:16:13.318+0000] {logging_mixin.py:151} WARNING - /home/***/.local/lib/python3.8/site-packages/openpyxl/worksheet/_reader.py:329 UserWarning: Unknown extension is not supported and will be removed
[2025-10-12T23:16:13.345+0000] {logging_mixin.py:151} INFO - Successfully loaded Excel file. Shape: (16503, 12)
[2025-10-12T23:16:13.347+0000] {logging_mixin.py:151} INFO - 
✅ Successfully ingested NAM Weekly rig count data!
[2025-10-12T23:16:13.348+0000] {python.py:194} INFO - Done. Returned value was: None
[2025-10-12T23:16:13.358+0000] {taskinstance.py:1398} INFO - Marking task as SUCCESS. dag_id=ETL_pipeline, task_id=bronze_rig_count_pipeline, execution_date=20251012T231607, start_date=20251012T231610, end_date=20251012T231613
[2025-10-12T23:16:13.427+0000] {local_task_job_runner.py:228} INFO - Task exited with return code 0
[2025-10-12T23:16:13.443+0000] {taskinstance.py:2776} INFO - 0 downstream tasks scheduled from follow-on schedule check
