[2025-10-12T16:52:27.437+0000] {logging_mixin.py:151} INFO - Changing /opt/***/logs/dag_id=ETL_pipeline/run_id=manual__2025-10-12T16:52:24.812307+00:00/task_id=bronze_rig_count_pipeline permission to 509
[2025-10-12T16:52:27.438+0000] {logging_mixin.py:151} INFO - Failed to change /opt/***/logs/dag_id=ETL_pipeline/run_id=manual__2025-10-12T16:52:24.812307+00:00/task_id=bronze_rig_count_pipeline permission to 509: [Errno 1] Operation not permitted: '/opt/***/logs/dag_id=ETL_pipeline/run_id=manual__2025-10-12T16:52:24.812307+00:00/task_id=bronze_rig_count_pipeline'
[2025-10-12T16:52:27.474+0000] {logging_mixin.py:151} INFO - Changing /opt/***/logs/dag_id=ETL_pipeline/run_id=manual__2025-10-12T16:52:24.812307+00:00/task_id=bronze_rig_count_pipeline permission to 509
[2025-10-12T16:52:27.474+0000] {logging_mixin.py:151} INFO - Failed to change /opt/***/logs/dag_id=ETL_pipeline/run_id=manual__2025-10-12T16:52:24.812307+00:00/task_id=bronze_rig_count_pipeline permission to 509: [Errno 1] Operation not permitted: '/opt/***/logs/dag_id=ETL_pipeline/run_id=manual__2025-10-12T16:52:24.812307+00:00/task_id=bronze_rig_count_pipeline'
[2025-10-12T16:52:27.531+0000] {taskinstance.py:1157} INFO - Dependencies all met for dep_context=non-requeueable deps ti=<TaskInstance: ETL_pipeline.bronze_rig_count_pipeline manual__2025-10-12T16:52:24.812307+00:00 [queued]>
[2025-10-12T16:52:27.539+0000] {taskinstance.py:1157} INFO - Dependencies all met for dep_context=requeueable deps ti=<TaskInstance: ETL_pipeline.bronze_rig_count_pipeline manual__2025-10-12T16:52:24.812307+00:00 [queued]>
[2025-10-12T16:52:27.539+0000] {taskinstance.py:1359} INFO - Starting attempt 1 of 3
[2025-10-12T16:52:27.552+0000] {taskinstance.py:1380} INFO - Executing <Task(PythonOperator): bronze_rig_count_pipeline> on 2025-10-12 16:52:24.812307+00:00
[2025-10-12T16:52:27.561+0000] {standard_task_runner.py:57} INFO - Started process 8257 to run task
[2025-10-12T16:52:27.564+0000] {standard_task_runner.py:84} INFO - Running: ['***', 'tasks', 'run', 'ETL_pipeline', 'bronze_rig_count_pipeline', 'manual__2025-10-12T16:52:24.812307+00:00', '--job-id', '18', '--raw', '--subdir', 'DAGS_FOLDER/ETL_pipeline.py', '--cfg-path', '/tmp/tmpytwddvp7']
[2025-10-12T16:52:27.568+0000] {standard_task_runner.py:85} INFO - Job 18: Subtask bronze_rig_count_pipeline
[2025-10-12T16:52:27.625+0000] {logging_mixin.py:151} INFO - Changing /opt/***/logs/dag_id=ETL_pipeline/run_id=manual__2025-10-12T16:52:24.812307+00:00/task_id=bronze_rig_count_pipeline permission to 509
[2025-10-12T16:52:27.626+0000] {logging_mixin.py:151} INFO - Failed to change /opt/***/logs/dag_id=ETL_pipeline/run_id=manual__2025-10-12T16:52:24.812307+00:00/task_id=bronze_rig_count_pipeline permission to 509: [Errno 1] Operation not permitted: '/opt/***/logs/dag_id=ETL_pipeline/run_id=manual__2025-10-12T16:52:24.812307+00:00/task_id=bronze_rig_count_pipeline'
[2025-10-12T16:52:27.628+0000] {task_command.py:415} INFO - Running <TaskInstance: ETL_pipeline.bronze_rig_count_pipeline manual__2025-10-12T16:52:24.812307+00:00 [running]> on host f22a895b55de
[2025-10-12T16:52:27.698+0000] {taskinstance.py:1660} INFO - Exporting env vars: AIRFLOW_CTX_DAG_OWNER='bech' AIRFLOW_CTX_DAG_ID='ETL_pipeline' AIRFLOW_CTX_TASK_ID='bronze_rig_count_pipeline' AIRFLOW_CTX_EXECUTION_DATE='2025-10-12T16:52:24.812307+00:00' AIRFLOW_CTX_TRY_NUMBER='1' AIRFLOW_CTX_DAG_RUN_ID='manual__2025-10-12T16:52:24.812307+00:00'
[2025-10-12T16:52:27.700+0000] {bronze_layer.py:123} INFO - Starting bronze layer data ingestion...
[2025-10-12T16:52:27.700+0000] {logging_mixin.py:151} INFO - Getting rig count data...
[2025-10-12T16:52:30.069+0000] {logging_mixin.py:151} WARNING - /home/***/.local/lib/python3.8/site-packages/openpyxl/worksheet/_reader.py:329 UserWarning: Unknown extension is not supported and will be removed
[2025-10-12T16:52:30.103+0000] {logging_mixin.py:151} INFO - Successfully loaded Excel file. Shape: (16503, 12)
[2025-10-12T16:52:30.104+0000] {logging_mixin.py:151} INFO - 
✅ Successfully ingested NAM Weekly rig count data!
[2025-10-12T16:52:30.106+0000] {python.py:194} INFO - Done. Returned value was: None
[2025-10-12T16:52:30.118+0000] {taskinstance.py:1398} INFO - Marking task as SUCCESS. dag_id=ETL_pipeline, task_id=bronze_rig_count_pipeline, execution_date=20251012T165224, start_date=20251012T165227, end_date=20251012T165230
[2025-10-12T16:52:30.188+0000] {local_task_job_runner.py:228} INFO - Task exited with return code 0
[2025-10-12T16:52:30.203+0000] {taskinstance.py:2776} INFO - 0 downstream tasks scheduled from follow-on schedule check
